This is pdfTeX, Version 3.14159265-2.6-1.40.20 (TeX Live 2019) (preloaded format=pdflatex 2019.10.22)  10 MAY 2020 19:58
entering extended mode
 restricted \write18 enabled.
 %&-line parsing enabled.
**445348-graya-CSCM10-Specification.tex
(./445348-graya-CSCM10-Specification.tex
LaTeX2e <2018-12-01>
(/usr/local/texlive/2019/texmf-dist/tex/latex/base/article.cls
Document Class: article 2018/09/03 v1.4i Standard LaTeX document class
(/usr/local/texlive/2019/texmf-dist/tex/latex/base/size10.clo
File: size10.clo 2018/09/03 v1.4i Standard LaTeX file (size option)
)
\c@part=\count80
\c@section=\count81
\c@subsection=\count82
\c@subsubsection=\count83
\c@paragraph=\count84
\c@subparagraph=\count85
\c@figure=\count86
\c@table=\count87
\abovecaptionskip=\skip41
\belowcaptionskip=\skip42
\bibindent=\dimen102
)
(/usr/local/texlive/2019/texmf-dist/tex/generic/babel/babel.sty
Package: babel 2019/05/04 3.31 The Babel package

(/usr/local/texlive/2019/texmf-dist/tex/generic/babel/switch.def
File: switch.def 2019/05/04 3.31 Babel switching mechanism
)
(/usr/local/texlive/2019/texmf-dist/tex/generic/babel-english/english.ldf
Language: english 2017/06/06 v3.3r English support from the babel system

(/usr/local/texlive/2019/texmf-dist/tex/generic/babel/babel.def
File: babel.def 2019/05/04 3.31 Babel common definitions
\babel@savecnt=\count88
\U@D=\dimen103

(/usr/local/texlive/2019/texmf-dist/tex/generic/babel/txtbabel.def)
\bbl@dirlevel=\count89
)
\l@canadian = a dialect from \language\l@american 
\l@australian = a dialect from \language\l@british 
\l@newzealand = a dialect from \language\l@british 
))
(/usr/local/texlive/2019/texmf-dist/tex/latex/base/inputenc.sty
Package: inputenc 2018/08/11 v1.3c Input encoding file
\inpenc@prehook=\toks14
\inpenc@posthook=\toks15
)
(/usr/local/texlive/2019/texmf-dist/tex/latex/appendix/appendix.sty
Package: appendix 2009/09/02 v1.2b extra appendix facilities
\c@@pps=\count90
\c@@ppsavesec=\count91
\c@@ppsaveapp=\count92
)
(/usr/local/texlive/2019/texmf-dist/tex/latex/graphics/graphicx.sty
Package: graphicx 2017/06/01 v1.1a Enhanced LaTeX Graphics (DPC,SPQR)

(/usr/local/texlive/2019/texmf-dist/tex/latex/graphics/keyval.sty
Package: keyval 2014/10/28 v1.15 key=value parser (DPC)
\KV@toks@=\toks16
)
(/usr/local/texlive/2019/texmf-dist/tex/latex/graphics/graphics.sty
Package: graphics 2017/06/25 v1.2c Standard LaTeX Graphics (DPC,SPQR)

(/usr/local/texlive/2019/texmf-dist/tex/latex/graphics/trig.sty
Package: trig 2016/01/03 v1.10 sin cos tan (DPC)
)
(/usr/local/texlive/2019/texmf-dist/tex/latex/graphics-cfg/graphics.cfg
File: graphics.cfg 2016/06/04 v1.11 sample graphics configuration
)
Package graphics Info: Driver file: pdftex.def on input line 99.

(/usr/local/texlive/2019/texmf-dist/tex/latex/graphics-def/pdftex.def
File: pdftex.def 2018/01/08 v1.0l Graphics/color driver for pdftex
))
\Gin@req@height=\dimen104
\Gin@req@width=\dimen105
)
(/usr/local/texlive/2019/texmf-dist/tex/latex/multirow/multirow.sty
Package: multirow 2019/01/01 v2.4 Span multiple rows of a table
\multirow@colwidth=\skip43
\multirow@cntb=\count93
\multirow@dima=\skip44
\bigstrutjot=\dimen106
)
(/usr/local/texlive/2019/texmf-dist/tex/latex/tools/array.sty
Package: array 2018/12/30 v2.4k Tabular extension package (FMi)
\col@sep=\dimen107
\ar@mcellbox=\box27
\extrarowheight=\dimen108
\NC@list=\toks17
\extratabsurround=\skip45
\backup@length=\skip46
\ar@cellbox=\box28
)
(/usr/local/texlive/2019/texmf-dist/tex/latex/graphics/lscape.sty
Package: lscape 2000/10/22 v3.01 Landscape Pages (DPC)
)
(/usr/local/texlive/2019/texmf-dist/tex/latex/tocbibind/tocbibind.sty
Package: tocbibind 2010/10/13 v1.5k extra ToC listings
Package tocbibind Info: The document has section divisions on input line 50.


Package tocbibind Note: Using section or other style headings.

) (/usr/local/texlive/2019/texmf-dist/tex/latex/titling/titling.sty
Package: titling 2009/09/04 v2.1d maketitle typesetting
\thanksmarkwidth=\skip47
\thanksmargin=\skip48
\droptitle=\skip49
)
(/usr/local/texlive/2019/texmf-dist/tex/latex/setspace/setspace.sty
Package: setspace 2011/12/19 v6.7a set line spacing
)
(/usr/local/texlive/2019/texmf-dist/tex/latex/fancyhdr/fancyheadings.sty
Package: fancyheadings 2019/01/31 v3.10 Legacy package to call fancyhdr


Package fancyheadings Warning: Please stop using fancyheadings!
(fancyheadings)                Use fancyhdr instead.
(fancyheadings)                We will call fancyhdr with the very same
(fancyheadings)                options you passed to fancyheadings.
(fancyheadings)                
(fancyheadings)                fancyhdr is 99 percent compatible with
(fancyheadings)                fancyheadings. The only incompatibility is
(fancyheadings)                that \headrulewidth and \footrulewidth and
(fancyheadings)                their \plain... versions are no longer length
(fancyheadings)                parameters, but normal macros (to be changed
(fancyheadings)                with \renewcommand rather than \setlength)..

(/usr/local/texlive/2019/texmf-dist/tex/latex/fancyhdr/fancyhdr.sty
Package: fancyhdr 2019/01/31 v3.10 Extensive control of page headers and footer
s
\f@nch@headwidth=\skip50
\f@nch@O@elh=\skip51
\f@nch@O@erh=\skip52
\f@nch@O@olh=\skip53
\f@nch@O@orh=\skip54
\f@nch@O@elf=\skip55
\f@nch@O@erf=\skip56
\f@nch@O@olf=\skip57
\f@nch@O@orf=\skip58
))
(/usr/local/texlive/2019/texmf-dist/tex/latex/base/ifthen.sty
Package: ifthen 2014/09/29 v1.1c Standard LaTeX ifthen package (DPC)
)
(/usr/local/texlive/2019/texmf-dist/tex/latex/titlesec/titlesec.sty
Package: titlesec 2016/03/21 v2.10.2 Sectioning titles
\ttl@box=\box29
\beforetitleunit=\skip59
\aftertitleunit=\skip60
\ttl@plus=\dimen109
\ttl@minus=\dimen110
\ttl@toksa=\toks18
\titlewidth=\dimen111
\titlewidthlast=\dimen112
\titlewidthfirst=\dimen113
)
(./445348-graya-CSCM10-Specification.aux)
\openout1 = `445348-graya-CSCM10-Specification.aux'.

LaTeX Font Info:    Checking defaults for OML/cmm/m/it on input line 27.
LaTeX Font Info:    ... okay on input line 27.
LaTeX Font Info:    Checking defaults for T1/cmr/m/n on input line 27.
LaTeX Font Info:    ... okay on input line 27.
LaTeX Font Info:    Checking defaults for OT1/cmr/m/n on input line 27.
LaTeX Font Info:    ... okay on input line 27.
LaTeX Font Info:    Checking defaults for OMS/cmsy/m/n on input line 27.
LaTeX Font Info:    ... okay on input line 27.
LaTeX Font Info:    Checking defaults for OMX/cmex/m/n on input line 27.
LaTeX Font Info:    ... okay on input line 27.
LaTeX Font Info:    Checking defaults for U/cmr/m/n on input line 27.
LaTeX Font Info:    ... okay on input line 27.

(/usr/local/texlive/2019/texmf-dist/tex/context/base/mkii/supp-pdf.mkii
[Loading MPS to PDF converter (version 2006.09.02).]
\scratchcounter=\count94
\scratchdimen=\dimen114
\scratchbox=\box30
\nofMPsegments=\count95
\nofMParguments=\count96
\everyMPshowfont=\toks19
\MPscratchCnt=\count97
\MPscratchDim=\dimen115
\MPnumerator=\count98
\makeMPintoPDFobject=\count99
\everyMPtoPDFconversion=\toks20
) (/usr/local/texlive/2019/texmf-dist/tex/latex/oberdiek/epstopdf-base.sty
Package: epstopdf-base 2016/05/15 v2.6 Base part for package epstopdf

(/usr/local/texlive/2019/texmf-dist/tex/generic/oberdiek/infwarerr.sty
Package: infwarerr 2016/05/16 v1.4 Providing info/warning/error messages (HO)
)
(/usr/local/texlive/2019/texmf-dist/tex/latex/oberdiek/grfext.sty
Package: grfext 2016/05/16 v1.2 Manage graphics extensions (HO)

(/usr/local/texlive/2019/texmf-dist/tex/generic/oberdiek/kvdefinekeys.sty
Package: kvdefinekeys 2016/05/16 v1.4 Define keys (HO)

(/usr/local/texlive/2019/texmf-dist/tex/generic/oberdiek/ltxcmds.sty
Package: ltxcmds 2016/05/16 v1.23 LaTeX kernel commands for general use (HO)
)))
(/usr/local/texlive/2019/texmf-dist/tex/latex/oberdiek/kvoptions.sty
Package: kvoptions 2016/05/16 v3.12 Key value format for package options (HO)

(/usr/local/texlive/2019/texmf-dist/tex/generic/oberdiek/kvsetkeys.sty
Package: kvsetkeys 2016/05/16 v1.17 Key value parser (HO)

(/usr/local/texlive/2019/texmf-dist/tex/generic/oberdiek/etexcmds.sty
Package: etexcmds 2016/05/16 v1.6 Avoid name clashes with e-TeX commands (HO)

(/usr/local/texlive/2019/texmf-dist/tex/generic/oberdiek/ifluatex.sty
Package: ifluatex 2016/05/16 v1.4 Provides the ifluatex switch (HO)
Package ifluatex Info: LuaTeX not detected.
))))
(/usr/local/texlive/2019/texmf-dist/tex/generic/oberdiek/pdftexcmds.sty
Package: pdftexcmds 2018/09/10 v0.29 Utility functions of pdfTeX for LuaTeX (HO
)

(/usr/local/texlive/2019/texmf-dist/tex/generic/oberdiek/ifpdf.sty
Package: ifpdf 2018/09/07 v3.3 Provides the ifpdf switch
)
Package pdftexcmds Info: LuaTeX not detected.
Package pdftexcmds Info: \pdf@primitive is available.
Package pdftexcmds Info: \pdf@ifprimitive is available.
Package pdftexcmds Info: \pdfdraftmode found.
)
Package epstopdf-base Info: Redefining graphics rule for `.eps' on input line 4
38.
Package grfext Info: Graphics extension search list:
(grfext)             [.pdf,.png,.jpg,.mps,.jpeg,.jbig2,.jb2,.PDF,.PNG,.JPG,.JPE
G,.JBIG2,.JB2,.eps]
(grfext)             \AppendGraphicsExtensions on input line 456.

(/usr/local/texlive/2019/texmf-dist/tex/latex/latexconfig/epstopdf-sys.cfg
File: epstopdf-sys.cfg 2010/07/13 v1.3 Configuration of (r)epstopdf for TeX Liv
e
))
LaTeX Font Info:    External font `cmex10' loaded for size
(Font)              <12> on input line 43.
LaTeX Font Info:    External font `cmex10' loaded for size
(Font)              <8> on input line 43.
LaTeX Font Info:    External font `cmex10' loaded for size
(Font)              <6> on input line 43.
<swansea.png, id=1, 416.2752pt x 284.7438pt>
File: swansea.png Graphic file (type png)
<use swansea.png>
Package pdftex.def Info: swansea.png  used on input line 45.
(pdftex.def)             Requested size: 256.0748pt x 175.1707pt.

[1

{/usr/local/texlive/2019/texmf-var/fonts/map/pdftex/updmap/pdftex.map} <./swans
ea.png>] [1]

LaTeX Warning: Citation `quora5misconcepts' on page 2 undefined on input line 6
5.


LaTeX Warning: Citation `quora5misconcepts' on page 2 undefined on input line 6
5.


LaTeX Warning: Citation `matlanintrotoml' on page 2 undefined on input line 67.



LaTeX Warning: Citation `tensorflow2015-whitepaper' on page 2 undefined on inpu
t line 70.


LaTeX Warning: Citation `matlanintrotoml' on page 2 undefined on input line 80.


[2

]

LaTeX Warning: Citation `matlanintrotoml' on page 3 undefined on input line 82.



LaTeX Warning: Citation `matlanintrotoml' on page 3 undefined on input line 82.



LaTeX Warning: Citation `matlanintrotoml' on page 3 undefined on input line 88.



Underfull \hbox (badness 10000) in paragraph at lines 85--89

 []


LaTeX Warning: Citation `matlanintrotoml' on page 3 undefined on input line 90.



LaTeX Warning: Citation `matlanintrotoml' on page 3 undefined on input line 92.



LaTeX Warning: Citation `matlanintrotoml' on page 3 undefined on input line 95.



Underfull \hbox (badness 10000) in paragraph at lines 92--96

 []


LaTeX Warning: Citation `matlanintrotoml' on page 3 undefined on input line 97.


[3]
LaTeX Font Info:    External font `cmex10' loaded for size
(Font)              <9> on input line 110.
LaTeX Font Info:    External font `cmex10' loaded for size
(Font)              <5> on input line 110.

Underfull \hbox (badness 10000) in paragraph at lines 110--113

 []


Underfull \hbox (badness 10000) in paragraph at lines 115--118

 []

[4]
Underfull \hbox (badness 10000) in paragraph at lines 148--161

 []


Underfull \hbox (badness 10000) in paragraph at lines 148--161

 []


Underfull \hbox (badness 10000) in paragraph at lines 148--161

 []


Underfull \hbox (badness 10000) in paragraph at lines 148--161

 []

[5]
Underfull \hbox (badness 10000) in paragraph at lines 166--173

 []


Underfull \hbox (badness 10000) in paragraph at lines 166--173

 []

<Web19201.png, id=30, 1927.2pt x 1084.05pt>
File: Web19201.png Graphic file (type png)
<use Web19201.png>
Package pdftex.def Info: Web19201.png  used on input line 178.
(pdftex.def)             Requested size: 341.43306pt x 192.0439pt.
[6]
<Web19202.png, id=35, 1927.2pt x 1084.05pt>
File: Web19202.png Graphic file (type png)
<use Web19202.png>
Package pdftex.def Info: Web19202.png  used on input line 179.
(pdftex.def)             Requested size: 341.43306pt x 192.0439pt.
<Web19203.png, id=36, 1927.2pt x 1084.05pt>
File: Web19203.png Graphic file (type png)
<use Web19203.png>
Package pdftex.def Info: Web19203.png  used on input line 180.
(pdftex.def)             Requested size: 341.43306pt x 192.0439pt.
<Web19204.png, id=37, 1927.2pt x 1084.05pt>
File: Web19204.png Graphic file (type png)
<use Web19204.png>
Package pdftex.def Info: Web19204.png  used on input line 181.
(pdftex.def)             Requested size: 341.43306pt x 192.0439pt.
 [7 <./Web19201.png> <./Web19202.png> <./Web19203.png>]

LaTeX Warning: Citation `reference here' on page 8 undefined on input line 186.



LaTeX Warning: Citation `anderson2010kanban' on page 8 undefined on input line 
194.


LaTeX Warning: Citation `anderson2010kanban' on page 8 undefined on input line 
196.


LaTeX Warning: Citation `anderson2010kanban' on page 8 undefined on input line 
196.

[8 <./Web19204.png>]
Underfull \hbox (badness 10000) in paragraph at lines 208--212

 []

[9]

LaTeX Warning: Citation `cscm01slidesl5' on page 10 undefined on input line 231
.


LaTeX Warning: Citation `cscm01slidesl5' on page 10 undefined on input line 231
.


LaTeX Warning: Citation `cscm01slides' on page 10 undefined on input line 234.

[10]

LaTeX Warning: Citation `agilemanifesto' on page 11 undefined on input line 241
.

[11]
<ganttchart.png, id=57, 1852.9225pt x 578.16pt>
File: ganttchart.png Graphic file (type png)
<use ganttchart.png>
Package pdftex.def Info: ganttchart.png  used on input line 252.
(pdftex.def)             Requested size: 768.2244pt x 239.71138pt.

Overfull \hbox (45.5244pt too wide) in paragraph at lines 252--253
 [] 
 []

[12

 <./ganttchart.png>]
<riskman.png, id=63, 516.93124pt x 742.775pt>
File: riskman.png Graphic file (type png)
<use riskman.png>
Package pdftex.def Info: riskman.png  used on input line 259.
(pdftex.def)             Requested size: 369.88582pt x 531.51077pt.

Overfull \hbox (24.88582pt too wide) in paragraph at lines 259--260
 [] 
 []

[13

 <./riskman.png>] (./445348-graya-CSCM10-Specification.bbl
Underfull \hbox (badness 5431) in paragraph at lines 25--29
[]\OT1/cmr/m/sc/8 Koehrsen, W.  \OT1/cmr/m/n/8 Ran-dom for-est sim-ple ex-pla-n
a-tion.  Re-trieved May 10,
 []


Underfull \hbox (badness 2503) in paragraph at lines 61--65
[]\OT1/cmr/m/sc/8 Sehra, C.  \OT1/cmr/m/n/8 De-ci-sion trees ex-plained eas-ily
.  Re-trieved May 9, 2020 from:
 []

! Misplaced alignment tab character &.
l.68 ...sdlc: 7 phases, popular models, benefits &
                                                   more [2019].
I can't figure out why you would want to use a tab mark
here. If you just want an ampersand, the remedy is
simple: Just type `I\&' now. But if some right brace
up above has ended a previous alignment prematurely,
you're probably due for more error messages, and you
might try typing `S' now just to see what is salvageable.

) [14] (./445348-graya-CSCM10-Specification.aux)

LaTeX Warning: There were undefined references.

 ) 
Here is how much of TeX's memory you used:
 2897 strings out of 492616
 41133 string characters out of 6129480
 120236 words of memory out of 5000000
 6750 multiletter control sequences out of 15000+600000
 10075 words of font info for 35 fonts, out of 8000000 for 9000
 1141 hyphenation exceptions out of 8191
 41i,6n,45p,1613b,231s stack positions out of 5000i,500n,10000p,200000b,80000s
</usr/local/texlive/2019/texmf-dist/fonts/type1/public/amsfonts/cm/cmbx10.pfb
></usr/local/texlive/2019/texmf-dist/fonts/type1/public/amsfonts/cm/cmbx12.pfb>
</usr/local/texlive/2019/texmf-dist/fonts/type1/public/amsfonts/cm/cmbx9.pfb></
usr/local/texlive/2019/texmf-dist/fonts/type1/public/amsfonts/cm/cmcsc10.pfb></
usr/local/texlive/2019/texmf-dist/fonts/type1/public/amsfonts/cm/cmr10.pfb></us
r/local/texlive/2019/texmf-dist/fonts/type1/public/amsfonts/cm/cmr12.pfb></usr/
local/texlive/2019/texmf-dist/fonts/type1/public/amsfonts/cm/cmr8.pfb></usr/loc
al/texlive/2019/texmf-dist/fonts/type1/public/amsfonts/cm/cmr9.pfb></usr/local/
texlive/2019/texmf-dist/fonts/type1/public/amsfonts/cm/cmti8.pfb>
Output written on 445348-graya-CSCM10-Specification.pdf (15 pages, 1560763 byte
s).
PDF statistics:
 104 PDF objects out of 1000 (max. 8388607)
 63 compressed objects within 1 object stream
 0 named destinations out of 1000 (max. 500000)
 36 words of extra memory for PDF output out of 10000 (max. 10000000)

