\BOOKMARK [0][-]{section*.3}{List of Tables}{}% 1
\BOOKMARK [0][-]{section*.4}{List of Figures}{}% 2
\BOOKMARK [0][-]{chapter.1}{Introduction}{}% 3
\BOOKMARK [1][-]{section.1.1}{Motivations}{chapter.1}% 4
\BOOKMARK [1][-]{section.1.2}{Overview}{chapter.1}% 5
\BOOKMARK [1][-]{section.1.3}{Contributions}{chapter.1}% 6
\BOOKMARK [0][-]{chapter.2}{Finding and citing resources}{}% 7
\BOOKMARK [1][-]{section.2.1}{Tunnel your internet connection via the university internet}{chapter.2}% 8
\BOOKMARK [1][-]{section.2.2}{Practice your Google Fu}{chapter.2}% 9
\BOOKMARK [1][-]{section.2.3}{Organizing your citations in BibTeX}{chapter.2}% 10
\BOOKMARK [1][-]{section.2.4}{Properly using and formatting citations within the text}{chapter.2}% 11
\BOOKMARK [0][-]{chapter.3}{Typesetting your thesis}{}% 12
\BOOKMARK [1][-]{section.3.1}{Referencing items within this document}{chapter.3}% 13
\BOOKMARK [1][-]{section.3.2}{Equations}{chapter.3}% 14
\BOOKMARK [1][-]{section.3.3}{Figures}{chapter.3}% 15
\BOOKMARK [1][-]{section.3.4}{Code Listings}{chapter.3}% 16
\BOOKMARK [1][-]{section.3.5}{Tables}{chapter.3}% 17
\BOOKMARK [0][-]{chapter.4}{Conclusions and Future Work}{}% 18
\BOOKMARK [1][-]{section.4.1}{Contributions}{chapter.4}% 19
\BOOKMARK [1][-]{section.4.2}{Future Work}{chapter.4}% 20
\BOOKMARK [0][-]{chapter*.10}{Bibliography}{}% 21
\BOOKMARK [0][-]{section*.11}{Appendices}{}% 22
\BOOKMARK [0][-]{appendix.A}{Implementation of a Relevant Algorithm}{}% 23
\BOOKMARK [0][-]{appendix.B}{Supplementary Data}{}% 24
